<?xml version="1.0" encoding="UTF-8" ?>
<testsuite tests="1" failures="0" name="com.sinsra.OSSTest" time="0.998" errors="0" skipped="0">
  <properties>
    <property name="idea.version" value="2021.1.3"/>
    <property name="java.runtime.name" value="Java(TM) SE Runtime Environment"/>
    <property name="sun.boot.library.path" value="D:\env\JAVA\jdk1.8\jre\bin"/>
    <property name="java.vm.version" value="25.131-b11"/>
    <property name="java.vm.vendor" value="Oracle Corporation"/>
    <property name="maven.multiModuleProjectDirectory" value="D:\Works\intelijprograme\SinsraBlog"/>
    <property name="java.vendor.url" value="http://java.oracle.com/"/>
    <property name="path.separator" value=";"/>
    <property name="guice.disable.misplaced.annotation.check" value="true"/>
    <property name="java.vm.name" value="Java HotSpot(TM) 64-Bit Server VM"/>
    <property name="file.encoding.pkg" value="sun.io"/>
    <property name="user.script" value=""/>
    <property name="user.country" value="CN"/>
    <property name="sun.java.launcher" value="SUN_STANDARD"/>
    <property name="sun.os.patch.level" value=""/>
    <property name="java.vm.specification.name" value="Java Virtual Machine Specification"/>
    <property name="user.dir" value="D:\Works\intelijprograme\SinsraBlog"/>
    <property name="java.runtime.version" value="1.8.0_131-b11"/>
    <property name="java.awt.graphicsenv" value="sun.awt.Win32GraphicsEnvironment"/>
    <property name="java.endorsed.dirs" value="D:\env\JAVA\jdk1.8\jre\lib\endorsed"/>
    <property name="os.arch" value="amd64"/>
    <property name="java.io.tmpdir" value="C:\Users\雾星雨\AppData\Local\Temp\"/>
    <property name="line.separator" value="
"/>
    <property name="java.vm.specification.vendor" value="Oracle Corporation"/>
    <property name="user.variant" value=""/>
    <property name="os.name" value="Windows 10"/>
    <property name="maven.ext.class.path" value="E:\Program Files\JetBrains\IntelliJ IDEA 2021.1.3\plugins\maven\lib\maven-event-listener.jar"/>
    <property name="classworlds.conf" value="D:\env\apache-maven-3.6.3\bin\m2.conf"/>
    <property name="sun.jnu.encoding" value="GBK"/>
    <property name="java.library.path" value="D:\env\JAVA\jdk1.8\bin;C:\WINDOWS\Sun\Java\bin;C:\WINDOWS\system32;C:\WINDOWS;D:\env\JAVA\jdk-17\bin;D:\env\JAVA\jdk-17\jre\bin;D:\env\apache-maven-3.8.8\bin;D:\env\MySQL\bin;C:\Program Files\Common Files\Oracle\Java\javapath;C:\ProgramData\Oracle\Java\javapath;E:\Program Files\VMware\VMware Workstation\bin\;C:\Program Files (x86)\Common Files\Intel\Shared Libraries\redist\intel64_win\compiler;C:\WINDOWS\system32;C:\WINDOWS;C:\WINDOWS\System32\Wbem;C:\WINDOWS\System32\WindowsPowerShell\v.1.0\;C:\WINDOWS\System32\OpenSSH\;C:\Program Files (x86)\dotnet\;E:\MATLAB1\bin;e:\Program Files\Git\cmd;C:\Program Files\Microsoft SQL Server\130\Tools\Binn\;E:\Program Files\NetSarang\Xshell 7\;D:\env\go\bin;C:\Users\雾星雨\AppData\Roaming\Python\Python311\Scripts;C:\Program Files (x86)\Microsoft SQL Server\160\Tools\Binn\;C:\Program Files\Microsoft SQL Server\160\Tools\Binn\;C:\Program Files\Microsoft SQL Server\Client SDK\ODBC\170\Tools\Binn\;C:\Program Files\Microsoft SQL Server\160\DTS\Binn\;C:\Program Files (x86)\Microsoft SQL Server\160\DTS\Binn\;C:\Program Files\Azure Data Studio\bin;C:\Program Files\WireGuard\;C:\Program Files\Cloudflare\Cloudflare WARP\;C:\WINDOWS\System32\WindowsPowerShell\v1.0\;D:\env\nodejs\;D:\env\nodejs\node_global;D:\env\python3.8.7\Scripts\;D:\env\python3.8.7\;D:\env\anaconda;D:\env\anaconda\Library\mingw-w64\bin;D:\env\anaconda\Library\usr\bin;D:\env\anaconda\Library\bin;D:\env\anaconda\Scripts;D:\env\nodejs\node_global;C:\Users\雾星雨\AppData\Local\Programs\Python\Python311\Scripts\;C:\Users\雾星雨\AppData\Local\Programs\Python\Python311\;C:\Users\雾星雨\AppData\Local\Microsoft\WindowsApps;E:\Program Files\JetBrains\IntelliJ IDEA 2021.1.3\bin;;E:\Program Files\JetBrains\CLion 2020.1\bin;;E:\phpstudy_pro\Extensions\php\php7.3.4nts;E:\Microsoft VS Code\bin;E:\QuartusLite17.11\modelsim_ase\win32aloem;D:\phpstudy_pro\Extensions\php\php8.0.2nts;C:\Users\雾星雨\AppData\Local\ComposerSetup\bin;C:\Users\雾星雨\AppData\Roaming\Composer\vendor\bin;C:\Users\雾星雨\go\bin;D:\env\PyCharm Community Edition 2023.2\bin;;C:\Program Files\Azure Data Studio\bin;E:\Tools\信息收集\Nmap;C:\Users\雾星雨\AppData\Roaming\npm;."/>
    <property name="maven.conf" value="D:\env\apache-maven-3.6.3/conf"/>
    <property name="java.specification.name" value="Java Platform API Specification"/>
    <property name="java.class.version" value="52.0"/>
    <property name="sun.management.compiler" value="HotSpot 64-Bit Tiered Compilers"/>
    <property name="os.version" value="10.0"/>
    <property name="user.home" value="C:\Users\雾星雨"/>
    <property name="user.timezone" value="Asia/Shanghai"/>
    <property name="java.awt.printerjob" value="sun.awt.windows.WPrinterJob"/>
    <property name="java.specification.version" value="1.8"/>
    <property name="file.encoding" value="UTF-8"/>
    <property name="user.name" value="wuxing"/>
    <property name="java.class.path" value="D:\env\apache-maven-3.6.3\boot\plexus-classworlds-2.6.0.jar;D:\env\apache-maven-3.6.3\boot\plexus-classworlds.license;E:\Program Files\JetBrains\IntelliJ IDEA 2021.1.3\lib\idea_rt.jar"/>
    <property name="java.vm.specification.version" value="1.8"/>
    <property name="sun.arch.data.model" value="64"/>
    <property name="java.home" value="D:\env\JAVA\jdk1.8\jre"/>
    <property name="sun.java.command" value="org.codehaus.classworlds.Launcher -Didea.version=2021.1.3 -s D:\env\apache-maven-3.6.3\conf\settings.xml install"/>
    <property name="java.specification.vendor" value="Oracle Corporation"/>
    <property name="user.language" value="zh"/>
    <property name="awt.toolkit" value="sun.awt.windows.WToolkit"/>
    <property name="java.vm.info" value="mixed mode"/>
    <property name="java.version" value="1.8.0_131"/>
    <property name="java.ext.dirs" value="D:\env\JAVA\jdk1.8\jre\lib\ext;C:\WINDOWS\Sun\Java\lib\ext"/>
    <property name="sun.boot.class.path" value="D:\env\JAVA\jdk1.8\jre\lib\resources.jar;D:\env\JAVA\jdk1.8\jre\lib\rt.jar;D:\env\JAVA\jdk1.8\jre\lib\sunrsasign.jar;D:\env\JAVA\jdk1.8\jre\lib\jsse.jar;D:\env\JAVA\jdk1.8\jre\lib\jce.jar;D:\env\JAVA\jdk1.8\jre\lib\charsets.jar;D:\env\JAVA\jdk1.8\jre\lib\jfr.jar;D:\env\JAVA\jdk1.8\jre\classes"/>
    <property name="java.vendor" value="Oracle Corporation"/>
    <property name="maven.home" value="D:\env\apache-maven-3.6.3"/>
    <property name="file.separator" value="\"/>
    <property name="java.vendor.url.bug" value="http://bugreport.sun.com/bugreport/"/>
    <property name="sun.cpu.endian" value="little"/>
    <property name="sun.io.unicode.encoding" value="UnicodeLittle"/>
    <property name="sun.desktop" value="windows"/>
    <property name="sun.cpu.isalist" value="amd64"/>
  </properties>
  <testcase classname="com.sinsra.OSSTest" name="com.sinsra.OSSTest.testOSS" time="0.998"/>
</testsuite>